\BOOKMARK [0][-]{chapter*.1}{ABSTRACT}{}% 1
\BOOKMARK [0][-]{chapter*.2}{CONTRIBUTORS AND FUNDING SOURCES}{}% 2
\BOOKMARK [0][-]{chapter*.3}{NOMENCLATURE}{}% 3
\BOOKMARK [0][-]{section*.4}{TABLE OF CONTENTS}{}% 4
\BOOKMARK [0][-]{section*.5}{LIST OF FIGURES}{}% 5
\BOOKMARK [0][-]{section*.6}{LIST OF TABLES}{}% 6
\BOOKMARK [0][-]{chapter.1}{Introduction and Literature Review}{}% 7
\BOOKMARK [1][-]{section.1.1}{Motivation}{chapter.1}% 8
\BOOKMARK [1][-]{section.1.2}{Woven Textile Composite Simulation}{chapter.1}% 9
\BOOKMARK [1][-]{section.1.3}{Introduction to Interpenetration Regions}{chapter.1}% 10
\BOOKMARK [1][-]{section.1.4}{VTMS Surface Representation Types}{chapter.1}% 11
\BOOKMARK [0][-]{chapter.2}{RESEARCH OBJECTIVES}{}% 12
\BOOKMARK [1][-]{section.2.1}{Surface Representation Data Types}{chapter.2}% 13
\BOOKMARK [1][-]{section.2.2}{Identification of Interpenetration Regions}{chapter.2}% 14
\BOOKMARK [1][-]{section.2.3}{Resolution of Interpenetration Regions}{chapter.2}% 15
\BOOKMARK [0][-]{chapter.3}{Proposed Methods}{}% 16
\BOOKMARK [1][-]{section.3.1}{Surface Representation Data Types}{chapter.3}% 17
\BOOKMARK [1][-]{section.3.2}{Identification of Interpenetration Regions}{chapter.3}% 18
\BOOKMARK [1][-]{section.3.3}{Resolution of Interpenetration Regions}{chapter.3}% 19
\BOOKMARK [0][-]{chapter.4}{EXPECTED RESULTS}{}% 20
\BOOKMARK [1][-]{section.4.1}{Surface Representation Data Types}{chapter.4}% 21
\BOOKMARK [1][-]{section.4.2}{Identification of Interpenetration Regions}{chapter.4}% 22
\BOOKMARK [1][-]{section.4.3}{Resolution of Interpenetration Regions}{chapter.4}% 23
\BOOKMARK [0][-]{chapter.5}{RESEARCH PLAN}{}% 24
\BOOKMARK [1][-]{section.5.1}{Time-line}{chapter.5}% 25
\BOOKMARK [1][-]{section.5.2}{Resources and Equipment}{chapter.5}% 26
\BOOKMARK [0][-]{section*.11}{REFERENCES}{}% 27
